Thu Apr 16 2015 17:21:04 GMT+0000 (UTC):
{ [Error: Server returned an unknown AccountType: undefined]
  stack: [Getter/Setter],
  __frame: 
   { name: 'getSubscriptions',
     line: 23,
     file: '/usr/local/lib/node_modules/azure-cli/lib/util/profile/subscriptionUtils._js',
     prev: 
      { name: '__1',
        line: 42,
        file: '/usr/local/lib/node_modules/azure-cli/lib/commands/login._js',
        prev: undefined,
        calls: 3,
        active: false,
        offset: 48,
        col: 43 },
     calls: 0,
     active: false,
     offset: 1,
     col: 32 },
  rawStack: [Getter] }
Error: Server returned an unknown AccountType: undefined
  <<< async stack >>>
  at getSubscriptions (/usr/local/lib/node_modules/azure-cli/lib/util/profile/subscriptionUtils._js:24:33)
  at __1 (/usr/local/lib/node_modules/azure-cli/lib/commands/login._js:90:44)
  <<< raw stack >>>
    at Logger.createError (/usr/local/lib/node_modules/azure-cli/node_modules/adal-node/lib/log.js:196:13)
    at /usr/local/lib/node_modules/azure-cli/node_modules/adal-node/lib/token-request.js:379:46
    at UserRealm._parseDiscoveryResponse (/usr/local/lib/node_modules/azure-cli/node_modules/adal-node/lib/user-realm.js:234:3)
    at /usr/local/lib/node_modules/azure-cli/node_modules/adal-node/lib/user-realm.js:263:12
    at Request._callback (/usr/local/lib/node_modules/azure-cli/node_modules/adal-node/lib/util.js:137:5)
    at Request.self.callback (/usr/local/lib/node_modules/azure-cli/node_modules/request/request.js:129:22)
    at Request.EventEmitter.emit (events.js:98:17)
    at Request.<anonymous> (/usr/local/lib/node_modules/azure-cli/node_modules/request/request.js:873:14)
    at Request.EventEmitter.emit (events.js:117:20)
    at IncomingMessage.<anonymous> (/usr/local/lib/node_modules/azure-cli/node_modules/request/request.js:824:12)

